<?xml version="1.0" encoding="UTF-8"?>
<!-- Generated by org.testng.reporters.JUnitReportReporter -->
<testsuite hostname="DESKTOP-QL8MT7O" failures="0" tests="1" name="ffff.Sel4" time="9.058" errors="0" timestamp="2023-03-27T22:01:37 IST" skipped="0">
  <testcase classname="ffff.Sel4" name="window" time="9.058"/>
  <system-out/>
</testsuite> <!-- ffff.Sel4 -->
