<?xml version="1.0" encoding="UTF-8"?>
<!-- Generated by org.testng.reporters.JUnitReportReporter -->
<testsuite hostname="DESKTOP-QL8MT7O" failures="0" tests="1" name="ffff.Test2" time="55.715" errors="0" timestamp="2023-03-23T17:51:00 IST" skipped="0">
  <testcase classname="ffff.Test2" name="click" time="55.715"/>
  <system-out/>
</testsuite> <!-- ffff.Test2 -->
