<?xml version="1.0" encoding="UTF-8"?>
<!-- Generated by org.testng.reporters.JUnitReportReporter -->
<testsuite hostname="DESKTOP-QL8MT7O" failures="0" tests="1" name="ffff.JS_Executer" time="10.210" errors="0" timestamp="2023-03-28T17:10:19 IST" skipped="0">
  <testcase classname="ffff.JS_Executer" name="test2" time="10.210"/>
  <system-out/>
</testsuite> <!-- ffff.JS_Executer -->
